Using pre-set license
Built from '2020.3/staging' branch; Version is '2020.3.0f1 (c7b5465681fb) revision 13088070'; Using compiler version '192528614'; Build Type 'Release'
OS: 'Windows 10 Home; OS build 22000.1098; Version 2009; 64bit' Language: 'en' Physical Memory: 15792 MB
BatchMode: 1, IsHumanControllingUs: 0, StartBugReporterOnCrash: 0, Is64bit: 1, IsPro: 0

 COMMAND LINE ARGUMENTS:
C:\Program Files\Unity\Hub\Editor\2020.3.0f1\Editor\Unity.exe
-adb2
-batchMode
-noUpm
-name
AssetImportWorker0
-projectPath
D:/My project
-logFile
Logs/AssetImportWorker0.log
-srvPort
64075
Successfully changed project path to: D:/My project
D:/My project
Using Asset Import Pipeline V2.
Refreshing native plugins compatible for Editor in 32.80 ms, found 1 plugins.
Preloading 0 native plugins for Editor in 0.00 ms.
Initialize engine version: 2020.3.0f1 (c7b5465681fb)
[Subsystems] Discovering subsystems at path C:/Program Files/Unity/Hub/Editor/2020.3.0f1/Editor/Data/Resources/UnitySubsystems
[Subsystems] Discovering subsystems at path D:/My project/Assets
GfxDevice: creating device client; threaded=0
Direct3D:
    Version:  Direct3D 11.0 [level 11.1]
    Renderer: NVIDIA GeForce RTX 3050 Ti Laptop GPU (ID=0x25a0)
    Vendor:   
    VRAM:     3990 MB
    Driver:   30.0.15.1278
Initialize mono
Mono path[0] = 'C:/Program Files/Unity/Hub/Editor/2020.3.0f1/Editor/Data/Managed'
Mono path[1] = 'C:/Program Files/Unity/Hub/Editor/2020.3.0f1/Editor/Data/MonoBleedingEdge/lib/mono/unityjit'
Mono config path = 'C:/Program Files/Unity/Hub/Editor/2020.3.0f1/Editor/Data/MonoBleedingEdge/etc'
Using monoOptions --debugger-agent=transport=dt_socket,embedding=1,server=y,suspend=n,address=127.0.0.1:56504
Begin MonoManager ReloadAssembly
Registering precompiled unity dll's ...
Register platform support module: C:/Program Files/Unity/Hub/Editor/2020.3.0f1/Editor/Data/PlaybackEngines/WebGLSupport/UnityEditor.WebGL.Extensions.dll
Register platform support module: C:/Program Files/Unity/Hub/Editor/2020.3.0f1/Editor/Data/PlaybackEngines/WindowsStandaloneSupport/UnityEditor.WindowsStandalone.Extensions.dll
Registered in 0.002510 seconds.
Native extension for WindowsStandalone target not found
Native extension for WebGL target not found
Refreshing native plugins compatible for Editor in 32.47 ms, found 1 plugins.
Preloading 0 native plugins for Editor in 0.00 ms.
Invoked RoslynAnalysisRunner static constructor.
RoslynAnalysisRunner will not be running.
RoslynAnalysisRunner has terminated.
Mono: successfully reloaded assembly
- Completed reload, in  1.332 seconds
Platform modules already initialized, skipping
Registering precompiled user dll's ...
Registered in 0.001053 seconds.
Begin MonoManager ReloadAssembly
Native extension for WindowsStandalone target not found
Native extension for WebGL target not found
Refreshing native plugins compatible for Editor in 31.29 ms, found 1 plugins.
Preloading 0 native plugins for Editor in 0.00 ms.
Invoked RoslynAnalysisRunner static constructor.
RoslynAnalysisRunner will not be running.
RoslynAnalysisRunner has terminated.
Mono: successfully reloaded assembly
- Completed reload, in  0.845 seconds
Platform modules already initialized, skipping
========================================================================
Worker process is ready to serve import requests
Launched and connected shader compiler UnityShaderCompiler.exe after 0.05 seconds
Refreshing native plugins compatible for Editor in 0.34 ms, found 1 plugins.
Preloading 0 native plugins for Editor in 0.00 ms.
Unloading 1810 Unused Serialized files (Serialized files now loaded: 0)
System memory in use before: 84.6 MB.
System memory in use after: 84.6 MB.

Unloading 24 unused Assets to reduce memory usage. Loaded Objects now: 2252.
Total: 2.552300 ms (FindLiveObjects: 0.256600 ms CreateObjectMapping: 0.065100 ms MarkObjects: 2.096600 ms  DeleteObjects: 0.132800 ms)

========================================================================
Received Import Request.
  path: Assets/Script/movement.cs
  artifactKey: Guid(e7494ddf5fda4f446bc5001a2f08719b) Importer(815301076,1909f56bfc062723c751e8b465ee728b)
Start importing Assets/Script/movement.cs using Guid(e7494ddf5fda4f446bc5001a2f08719b) Importer(815301076,1909f56bfc062723c751e8b465ee728b)  -> (artifact id: '957e6be19c476b080067e0a4aa129b5d') in 0.040141 seconds
  Import took 0.044004 seconds .

========================================================================
Received Import Request.
  Time since last request: 0.000369 seconds.
  path: Assets/Script/tetst.cs
  artifactKey: Guid(1910d9b345ddcf0428ffa825f1c35908) Importer(815301076,1909f56bfc062723c751e8b465ee728b)
Start importing Assets/Script/tetst.cs using Guid(1910d9b345ddcf0428ffa825f1c35908) Importer(815301076,1909f56bfc062723c751e8b465ee728b)  -> (artifact id: 'e021a33b7367a5e9c1fea15a0ed348ce') in 0.006964 seconds
  Import took 0.015563 seconds .

========================================================================
Received Import Request.
  Time since last request: 256.007475 seconds.
  path: Assets/Script/respawn.cs
  artifactKey: Guid(7b708a09a2b1cf945baf2e0569308524) Importer(815301076,1909f56bfc062723c751e8b465ee728b)
Start importing Assets/Script/respawn.cs using Guid(7b708a09a2b1cf945baf2e0569308524) Importer(815301076,1909f56bfc062723c751e8b465ee728b)  -> (artifact id: 'a7ab2c165c84352e08a5a12a7ecc8f28') in 0.007369 seconds
  Import took 0.028376 seconds .

========================================================================
Received Import Request.
  Time since last request: 95.727023 seconds.
  path: Assets/Script/respawn.cs
  artifactKey: Guid(7b708a09a2b1cf945baf2e0569308524) Importer(815301076,1909f56bfc062723c751e8b465ee728b)
Start importing Assets/Script/respawn.cs using Guid(7b708a09a2b1cf945baf2e0569308524) Importer(815301076,1909f56bfc062723c751e8b465ee728b)  -> (artifact id: 'b175aedf1bc1639b98b019f68e13e002') in 0.005933 seconds
  Import took 0.024824 seconds .

========================================================================
Received Import Request.
  Time since last request: 126.127159 seconds.
  path: Assets/Script/LevelManager.cs
  artifactKey: Guid(5a9f59e2dab342a44a4ddc1c39617561) Importer(815301076,1909f56bfc062723c751e8b465ee728b)
Start importing Assets/Script/LevelManager.cs using Guid(5a9f59e2dab342a44a4ddc1c39617561) Importer(815301076,1909f56bfc062723c751e8b465ee728b)  -> (artifact id: '1129c05c913a75dffa6ba2d801b96cc5') in 0.007829 seconds
  Import took 0.011414 seconds .

========================================================================
Received Import Request.
  Time since last request: 110.881574 seconds.
  path: Assets/movement.cs
  artifactKey: Guid(33b4e36dca0299e49964e1c056cb052a) Importer(815301076,1909f56bfc062723c751e8b465ee728b)
Start importing Assets/movement.cs using Guid(33b4e36dca0299e49964e1c056cb052a) Importer(815301076,1909f56bfc062723c751e8b465ee728b)  -> (artifact id: '8d785001985ccad0f6a7a6fe59e7b2d3') in 0.004303 seconds
  Import took 0.007528 seconds .

========================================================================
Received Prepare
Registering precompiled user dll's ...
Registered in 0.001223 seconds.
Begin MonoManager ReloadAssembly
Native extension for WindowsStandalone target not found
Native extension for WebGL target not found
Refreshing native plugins compatible for Editor in 0.38 ms, found 1 plugins.
Preloading 0 native plugins for Editor in 0.00 ms.
Invoked RoslynAnalysisRunner static constructor.
RoslynAnalysisRunner will not be running.
RoslynAnalysisRunner has terminated.
Mono: successfully reloaded assembly
- Completed reload, in  0.786 seconds
Platform modules already initialized, skipping
Refreshing native plugins compatible for Editor in 0.58 ms, found 1 plugins.
Preloading 0 native plugins for Editor in 0.00 ms.
Unloading 1805 Unused Serialized files (Serialized files now loaded: 0)
System memory in use before: 84.6 MB.
System memory in use after: 84.6 MB.

Unloading 13 unused Assets to reduce memory usage. Loaded Objects now: 2256.
Total: 2.402300 ms (FindLiveObjects: 0.336400 ms CreateObjectMapping: 0.054400 ms MarkObjects: 1.889900 ms  DeleteObjects: 0.119300 ms)

========================================================================
Received Prepare
Registering precompiled user dll's ...
Registered in 0.001066 seconds.
Begin MonoManager ReloadAssembly
Native extension for WindowsStandalone target not found
Native extension for WebGL target not found
Refreshing native plugins compatible for Editor in 0.39 ms, found 1 plugins.
Preloading 0 native plugins for Editor in 0.00 ms.
Invoked RoslynAnalysisRunner static constructor.
RoslynAnalysisRunner will not be running.
RoslynAnalysisRunner has terminated.
Mono: successfully reloaded assembly
- Completed reload, in  0.755 seconds
Platform modules already initialized, skipping
Refreshing native plugins compatible for Editor in 0.70 ms, found 1 plugins.
Preloading 0 native plugins for Editor in 0.00 ms.
Unloading 1805 Unused Serialized files (Serialized files now loaded: 0)
System memory in use before: 84.6 MB.
System memory in use after: 84.6 MB.

Unloading 12 unused Assets to reduce memory usage. Loaded Objects now: 2260.
Total: 2.437900 ms (FindLiveObjects: 0.361600 ms CreateObjectMapping: 0.098600 ms MarkObjects: 1.856800 ms  DeleteObjects: 0.118400 ms)

========================================================================
Received Import Request.
  Time since last request: 252.762343 seconds.
  path: Assets/Script/PlayerMovement.cs
  artifactKey: Guid(8e2ff31a36da49842a9788f345b08c39) Importer(815301076,1909f56bfc062723c751e8b465ee728b)
Start importing Assets/Script/PlayerMovement.cs using Guid(8e2ff31a36da49842a9788f345b08c39) Importer(815301076,1909f56bfc062723c751e8b465ee728b)  -> (artifact id: 'aab629f59031c40a7d34bc5ed62c34f1') in 0.025511 seconds
  Import took 0.045962 seconds .

========================================================================
Received Prepare
Registering precompiled user dll's ...
Registered in 0.001000 seconds.
Begin MonoManager ReloadAssembly
Native extension for WindowsStandalone target not found
Native extension for WebGL target not found
Refreshing native plugins compatible for Editor in 0.54 ms, found 1 plugins.
Preloading 0 native plugins for Editor in 0.00 ms.
Invoked RoslynAnalysisRunner static constructor.
RoslynAnalysisRunner will not be running.
RoslynAnalysisRunner has terminated.
Mono: successfully reloaded assembly
- Completed reload, in  0.754 seconds
Platform modules already initialized, skipping
Refreshing native plugins compatible for Editor in 0.35 ms, found 1 plugins.
Preloading 0 native plugins for Editor in 0.00 ms.
Unloading 1805 Unused Serialized files (Serialized files now loaded: 0)
System memory in use before: 84.7 MB.
System memory in use after: 84.6 MB.

Unloading 13 unused Assets to reduce memory usage. Loaded Objects now: 2264.
Total: 2.287200 ms (FindLiveObjects: 0.243500 ms CreateObjectMapping: 0.040500 ms MarkObjects: 1.868500 ms  DeleteObjects: 0.133500 ms)

========================================================================
Received Prepare
Registering precompiled user dll's ...
Registered in 0.001191 seconds.
Begin MonoManager ReloadAssembly
Native extension for WindowsStandalone target not found
Native extension for WebGL target not found
Refreshing native plugins compatible for Editor in 0.35 ms, found 1 plugins.
Preloading 0 native plugins for Editor in 0.00 ms.
Invoked RoslynAnalysisRunner static constructor.
RoslynAnalysisRunner will not be running.
RoslynAnalysisRunner has terminated.
Mono: successfully reloaded assembly
- Completed reload, in  0.714 seconds
Platform modules already initialized, skipping
Refreshing native plugins compatible for Editor in 0.37 ms, found 1 plugins.
Preloading 0 native plugins for Editor in 0.00 ms.
Unloading 1805 Unused Serialized files (Serialized files now loaded: 0)
System memory in use before: 84.7 MB.
System memory in use after: 84.7 MB.

Unloading 12 unused Assets to reduce memory usage. Loaded Objects now: 2268.
Total: 1.930700 ms (FindLiveObjects: 0.250500 ms CreateObjectMapping: 0.046200 ms MarkObjects: 1.520000 ms  DeleteObjects: 0.112700 ms)

========================================================================
Received Prepare
Registering precompiled user dll's ...
Registered in 0.001042 seconds.
Begin MonoManager ReloadAssembly
Native extension for WindowsStandalone target not found
Native extension for WebGL target not found
Refreshing native plugins compatible for Editor in 0.36 ms, found 1 plugins.
Preloading 0 native plugins for Editor in 0.00 ms.
Invoked RoslynAnalysisRunner static constructor.
RoslynAnalysisRunner will not be running.
RoslynAnalysisRunner has terminated.
Mono: successfully reloaded assembly
- Completed reload, in  0.717 seconds
Platform modules already initialized, skipping
Refreshing native plugins compatible for Editor in 0.37 ms, found 1 plugins.
Preloading 0 native plugins for Editor in 0.00 ms.
Unloading 1805 Unused Serialized files (Serialized files now loaded: 0)
System memory in use before: 84.7 MB.
System memory in use after: 84.7 MB.

Unloading 12 unused Assets to reduce memory usage. Loaded Objects now: 2272.
Total: 2.386100 ms (FindLiveObjects: 0.576600 ms CreateObjectMapping: 0.079800 ms MarkObjects: 1.604200 ms  DeleteObjects: 0.123100 ms)

========================================================================
Received Prepare
Registering precompiled user dll's ...
Registered in 0.001220 seconds.
Begin MonoManager ReloadAssembly
Native extension for WindowsStandalone target not found
Native extension for WebGL target not found
Refreshing native plugins compatible for Editor in 0.36 ms, found 1 plugins.
Preloading 0 native plugins for Editor in 0.00 ms.
Invoked RoslynAnalysisRunner static constructor.
RoslynAnalysisRunner will not be running.
RoslynAnalysisRunner has terminated.
Mono: successfully reloaded assembly
- Completed reload, in  0.761 seconds
Platform modules already initialized, skipping
Refreshing native plugins compatible for Editor in 0.38 ms, found 1 plugins.
Preloading 0 native plugins for Editor in 0.00 ms.
Unloading 1805 Unused Serialized files (Serialized files now loaded: 0)
System memory in use before: 84.7 MB.
System memory in use after: 84.7 MB.

Unloading 12 unused Assets to reduce memory usage. Loaded Objects now: 2276.
Total: 2.535000 ms (FindLiveObjects: 0.378100 ms CreateObjectMapping: 0.090100 ms MarkObjects: 1.924200 ms  DeleteObjects: 0.140100 ms)

========================================================================
Received Import Request.
  Time since last request: 1386.411080 seconds.
  path: Assets/Script/NewBehaviourScript.cs
  artifactKey: Guid(bfa855f988842a144b704c0f101b44aa) Importer(815301076,1909f56bfc062723c751e8b465ee728b)
Start importing Assets/Script/NewBehaviourScript.cs using Guid(bfa855f988842a144b704c0f101b44aa) Importer(815301076,1909f56bfc062723c751e8b465ee728b)  -> (artifact id: '9d34298219625ce33ab45c9779f53787') in 0.019894 seconds
  Import took 0.050922 seconds .

========================================================================
Received Import Request.
  Time since last request: 0.007351 seconds.
  path: Assets/Script/NewBehaviourScript.cs
  artifactKey: Guid(bfa855f988842a144b704c0f101b44aa) Importer(815301076,1909f56bfc062723c751e8b465ee728b)
Start importing Assets/Script/NewBehaviourScript.cs using Guid(bfa855f988842a144b704c0f101b44aa) Importer(815301076,1909f56bfc062723c751e8b465ee728b)  -> (artifact id: '9d34298219625ce33ab45c9779f53787') in 0.004836 seconds
  Import took 0.007716 seconds .

========================================================================
Received Prepare
Registering precompiled user dll's ...
Registered in 0.002048 seconds.
Begin MonoManager ReloadAssembly
Native extension for WindowsStandalone target not found
Native extension for WebGL target not found
Refreshing native plugins compatible for Editor in 0.38 ms, found 1 plugins.
Preloading 0 native plugins for Editor in 0.00 ms.
Invoked RoslynAnalysisRunner static constructor.
RoslynAnalysisRunner will not be running.
RoslynAnalysisRunner has terminated.
Mono: successfully reloaded assembly
- Completed reload, in  0.763 seconds
Platform modules already initialized, skipping
Refreshing native plugins compatible for Editor in 0.39 ms, found 1 plugins.
Preloading 0 native plugins for Editor in 0.00 ms.
Unloading 1806 Unused Serialized files (Serialized files now loaded: 0)
System memory in use before: 84.7 MB.
System memory in use after: 84.7 MB.

Unloading 12 unused Assets to reduce memory usage. Loaded Objects now: 2281.
Total: 3.109900 ms (FindLiveObjects: 0.435600 ms CreateObjectMapping: 0.043800 ms MarkObjects: 2.506500 ms  DeleteObjects: 0.120400 ms)

========================================================================
Received Import Request.
  Time since last request: 40.595444 seconds.
  path: Assets/Script/Raycast2D.cs
  artifactKey: Guid(bfa855f988842a144b704c0f101b44aa) Importer(815301076,1909f56bfc062723c751e8b465ee728b)
Start importing Assets/Script/Raycast2D.cs using Guid(bfa855f988842a144b704c0f101b44aa) Importer(815301076,1909f56bfc062723c751e8b465ee728b)  -> (artifact id: 'c211fc152169b959768c09e43a481895') in 0.009833 seconds
  Import took 0.028903 seconds .

========================================================================
Received Prepare
Registering precompiled user dll's ...
Registered in 0.001158 seconds.
Begin MonoManager ReloadAssembly
Native extension for WindowsStandalone target not found
Native extension for WebGL target not found
Refreshing native plugins compatible for Editor in 0.44 ms, found 1 plugins.
Preloading 0 native plugins for Editor in 0.00 ms.
Invoked RoslynAnalysisRunner static constructor.
RoslynAnalysisRunner will not be running.
RoslynAnalysisRunner has terminated.
Mono: successfully reloaded assembly
- Completed reload, in  0.851 seconds
Platform modules already initialized, skipping
Refreshing native plugins compatible for Editor in 0.59 ms, found 1 plugins.
Preloading 0 native plugins for Editor in 0.00 ms.
Unloading 1806 Unused Serialized files (Serialized files now loaded: 0)
System memory in use before: 84.7 MB.
System memory in use after: 84.7 MB.

Unloading 12 unused Assets to reduce memory usage. Loaded Objects now: 2285.
Total: 2.259000 ms (FindLiveObjects: 0.279700 ms CreateObjectMapping: 0.044200 ms MarkObjects: 1.815900 ms  DeleteObjects: 0.118300 ms)

========================================================================
Received Prepare
Registering precompiled user dll's ...
Registered in 0.001101 seconds.
Begin MonoManager ReloadAssembly
Native extension for WindowsStandalone target not found
Native extension for WebGL target not found
Refreshing native plugins compatible for Editor in 0.39 ms, found 1 plugins.
Preloading 0 native plugins for Editor in 0.00 ms.
Invoked RoslynAnalysisRunner static constructor.
RoslynAnalysisRunner will not be running.
RoslynAnalysisRunner has terminated.
Mono: successfully reloaded assembly
- Completed reload, in  0.741 seconds
Platform modules already initialized, skipping
Refreshing native plugins compatible for Editor in 0.39 ms, found 1 plugins.
Preloading 0 native plugins for Editor in 0.00 ms.
Unloading 1806 Unused Serialized files (Serialized files now loaded: 0)
System memory in use before: 84.7 MB.
System memory in use after: 84.7 MB.

Unloading 12 unused Assets to reduce memory usage. Loaded Objects now: 2289.
Total: 2.608500 ms (FindLiveObjects: 0.479900 ms CreateObjectMapping: 0.087900 ms MarkObjects: 1.908000 ms  DeleteObjects: 0.131000 ms)

========================================================================
Received Import Request.
  Time since last request: 73.076004 seconds.
  path: Assets/Script/Raycast2D.cs
  artifactKey: Guid(bfa855f988842a144b704c0f101b44aa) Importer(815301076,1909f56bfc062723c751e8b465ee728b)
Start importing Assets/Script/Raycast2D.cs using Guid(bfa855f988842a144b704c0f101b44aa) Importer(815301076,1909f56bfc062723c751e8b465ee728b)  -> (artifact id: '743497716f3131cb668d5e03f7e2922d') in 0.007184 seconds
  Import took 0.010307 seconds .

========================================================================
Received Import Request.
  Time since last request: 0.022558 seconds.
  path: Assets/Script/Raycast2D.cs
  artifactKey: Guid(bfa855f988842a144b704c0f101b44aa) Importer(815301076,1909f56bfc062723c751e8b465ee728b)
Start importing Assets/Script/Raycast2D.cs using Guid(bfa855f988842a144b704c0f101b44aa) Importer(815301076,1909f56bfc062723c751e8b465ee728b)  -> (artifact id: '743497716f3131cb668d5e03f7e2922d') in 0.196273 seconds
  Import took 0.199281 seconds .

========================================================================
Received Prepare
Registering precompiled user dll's ...
Registered in 0.001142 seconds.
Begin MonoManager ReloadAssembly
Native extension for WindowsStandalone target not found
Native extension for WebGL target not found
Refreshing native plugins compatible for Editor in 0.48 ms, found 1 plugins.
Preloading 0 native plugins for Editor in 0.00 ms.
Invoked RoslynAnalysisRunner static constructor.
RoslynAnalysisRunner will not be running.
RoslynAnalysisRunner has terminated.
Mono: successfully reloaded assembly
- Completed reload, in  0.736 seconds
Platform modules already initialized, skipping
Refreshing native plugins compatible for Editor in 0.42 ms, found 1 plugins.
Preloading 0 native plugins for Editor in 0.00 ms.
Unloading 1806 Unused Serialized files (Serialized files now loaded: 0)
System memory in use before: 84.8 MB.
System memory in use after: 84.7 MB.

Unloading 12 unused Assets to reduce memory usage. Loaded Objects now: 2293.
Total: 2.324900 ms (FindLiveObjects: 0.294800 ms CreateObjectMapping: 0.068200 ms MarkObjects: 1.839400 ms  DeleteObjects: 0.120400 ms)

========================================================================
Received Import Request.
  Time since last request: 44.575681 seconds.
  path: Assets/Script/MonoBehaviour.cs
  artifactKey: Guid(bfa855f988842a144b704c0f101b44aa) Importer(815301076,1909f56bfc062723c751e8b465ee728b)
Start importing Assets/Script/MonoBehaviour.cs using Guid(bfa855f988842a144b704c0f101b44aa) Importer(815301076,1909f56bfc062723c751e8b465ee728b)  -> (artifact id: 'c5f979b38393e1f483813f940abf2d90') in 0.009976 seconds
  Import took 0.026469 seconds .

========================================================================
Received Import Request.
  Time since last request: 0.004469 seconds.
  path: Assets/Script/MonoBehaviour.cs
  artifactKey: Guid(bfa855f988842a144b704c0f101b44aa) Importer(815301076,1909f56bfc062723c751e8b465ee728b)
Start importing Assets/Script/MonoBehaviour.cs using Guid(bfa855f988842a144b704c0f101b44aa) Importer(815301076,1909f56bfc062723c751e8b465ee728b)  -> (artifact id: 'c5f979b38393e1f483813f940abf2d90') in 0.004760 seconds
  Import took 0.007750 seconds .

========================================================================
Received Prepare
Registering precompiled user dll's ...
Registered in 0.001094 seconds.
Begin MonoManager ReloadAssembly
Native extension for WindowsStandalone target not found
Native extension for WebGL target not found
Refreshing native plugins compatible for Editor in 0.44 ms, found 1 plugins.
Preloading 0 native plugins for Editor in 0.00 ms.
Invoked RoslynAnalysisRunner static constructor.
RoslynAnalysisRunner will not be running.
RoslynAnalysisRunner has terminated.
Mono: successfully reloaded assembly
- Completed reload, in  0.840 seconds
Platform modules already initialized, skipping
Refreshing native plugins compatible for Editor in 0.45 ms, found 1 plugins.
Preloading 0 native plugins for Editor in 0.00 ms.
Unloading 1807 Unused Serialized files (Serialized files now loaded: 0)
System memory in use before: 84.8 MB.
System memory in use after: 84.8 MB.

Unloading 12 unused Assets to reduce memory usage. Loaded Objects now: 2298.
Total: 3.430200 ms (FindLiveObjects: 0.350400 ms CreateObjectMapping: 0.047000 ms MarkObjects: 2.890200 ms  DeleteObjects: 0.140900 ms)

========================================================================
Received Import Request.
  Time since last request: 20.457279 seconds.
  path: Assets/Script/Raycast2D.cs
  artifactKey: Guid(da39f75840713bd4a8d45c4cd85939dd) Importer(815301076,1909f56bfc062723c751e8b465ee728b)
Start importing Assets/Script/Raycast2D.cs using Guid(da39f75840713bd4a8d45c4cd85939dd) Importer(815301076,1909f56bfc062723c751e8b465ee728b)  -> (artifact id: 'f4871cfe02a421418dd9c17777da70d8') in 0.007632 seconds
  Import took 0.131246 seconds .

========================================================================
Received Prepare
Registering precompiled user dll's ...
Registered in 0.001669 seconds.
Begin MonoManager ReloadAssembly
Native extension for WindowsStandalone target not found
Native extension for WebGL target not found
Refreshing native plugins compatible for Editor in 0.36 ms, found 1 plugins.
Preloading 0 native plugins for Editor in 0.00 ms.
Invoked RoslynAnalysisRunner static constructor.
RoslynAnalysisRunner will not be running.
RoslynAnalysisRunner has terminated.
Mono: successfully reloaded assembly
- Completed reload, in  0.734 seconds
Platform modules already initialized, skipping
Refreshing native plugins compatible for Editor in 0.41 ms, found 1 plugins.
Preloading 0 native plugins for Editor in 0.00 ms.
Unloading 1806 Unused Serialized files (Serialized files now loaded: 0)
System memory in use before: 84.8 MB.
System memory in use after: 84.8 MB.

Unloading 13 unused Assets to reduce memory usage. Loaded Objects now: 2301.
Total: 2.981600 ms (FindLiveObjects: 0.255900 ms CreateObjectMapping: 0.067000 ms MarkObjects: 2.506100 ms  DeleteObjects: 0.150600 ms)

========================================================================
Received Prepare
Registering precompiled user dll's ...
Registered in 0.001032 seconds.
Begin MonoManager ReloadAssembly
Native extension for WindowsStandalone target not found
Native extension for WebGL target not found
Refreshing native plugins compatible for Editor in 0.39 ms, found 1 plugins.
Preloading 0 native plugins for Editor in 0.00 ms.
Invoked RoslynAnalysisRunner static constructor.
RoslynAnalysisRunner will not be running.
RoslynAnalysisRunner has terminated.
Mono: successfully reloaded assembly
- Completed reload, in  0.811 seconds
Platform modules already initialized, skipping
Refreshing native plugins compatible for Editor in 0.50 ms, found 1 plugins.
Preloading 0 native plugins for Editor in 0.00 ms.
Unloading 1806 Unused Serialized files (Serialized files now loaded: 0)
System memory in use before: 84.8 MB.
System memory in use after: 84.8 MB.

Unloading 12 unused Assets to reduce memory usage. Loaded Objects now: 2305.
Total: 2.247500 ms (FindLiveObjects: 0.339400 ms CreateObjectMapping: 0.066900 ms MarkObjects: 1.716100 ms  DeleteObjects: 0.123300 ms)

========================================================================
Received Prepare
Registering precompiled user dll's ...
Registered in 0.001184 seconds.
Begin MonoManager ReloadAssembly
Native extension for WindowsStandalone target not found
Native extension for WebGL target not found
Refreshing native plugins compatible for Editor in 0.45 ms, found 1 plugins.
Preloading 0 native plugins for Editor in 0.00 ms.
Invoked RoslynAnalysisRunner static constructor.
RoslynAnalysisRunner will not be running.
RoslynAnalysisRunner has terminated.
Mono: successfully reloaded assembly
- Completed reload, in  0.779 seconds
Platform modules already initialized, skipping
Refreshing native plugins compatible for Editor in 0.40 ms, found 1 plugins.
Preloading 0 native plugins for Editor in 0.00 ms.
Unloading 1806 Unused Serialized files (Serialized files now loaded: 0)
System memory in use before: 84.8 MB.
System memory in use after: 84.8 MB.

Unloading 12 unused Assets to reduce memory usage. Loaded Objects now: 2309.
Total: 2.313300 ms (FindLiveObjects: 0.356100 ms CreateObjectMapping: 0.072600 ms MarkObjects: 1.759400 ms  DeleteObjects: 0.123300 ms)

========================================================================
Received Prepare
Registering precompiled user dll's ...
Registered in 0.001080 seconds.
Begin MonoManager ReloadAssembly
Native extension for WindowsStandalone target not found
Native extension for WebGL target not found
Refreshing native plugins compatible for Editor in 0.38 ms, found 1 plugins.
Preloading 0 native plugins for Editor in 0.00 ms.
Invoked RoslynAnalysisRunner static constructor.
RoslynAnalysisRunner will not be running.
RoslynAnalysisRunner has terminated.
Mono: successfully reloaded assembly
- Completed reload, in  0.782 seconds
Platform modules already initialized, skipping
Refreshing native plugins compatible for Editor in 0.37 ms, found 1 plugins.
Preloading 0 native plugins for Editor in 0.00 ms.
Unloading 1806 Unused Serialized files (Serialized files now loaded: 0)
System memory in use before: 84.8 MB.
System memory in use after: 84.8 MB.

Unloading 12 unused Assets to reduce memory usage. Loaded Objects now: 2313.
Total: 2.231800 ms (FindLiveObjects: 0.290800 ms CreateObjectMapping: 0.068600 ms MarkObjects: 1.746700 ms  DeleteObjects: 0.124600 ms)

========================================================================
Received Prepare
Registering precompiled user dll's ...
Registered in 0.029428 seconds.
Begin MonoManager ReloadAssembly
Native extension for WindowsStandalone target not found
Native extension for WebGL target not found
Refreshing native plugins compatible for Editor in 0.48 ms, found 1 plugins.
Preloading 0 native plugins for Editor in 0.00 ms.
Invoked RoslynAnalysisRunner static constructor.
RoslynAnalysisRunner will not be running.
RoslynAnalysisRunner has terminated.
Mono: successfully reloaded assembly
- Completed reload, in  0.844 seconds
Platform modules already initialized, skipping
Refreshing native plugins compatible for Editor in 0.44 ms, found 1 plugins.
Preloading 0 native plugins for Editor in 0.00 ms.
Unloading 1806 Unused Serialized files (Serialized files now loaded: 0)
System memory in use before: 84.8 MB.
System memory in use after: 84.8 MB.

Unloading 12 unused Assets to reduce memory usage. Loaded Objects now: 2317.
Total: 4.019800 ms (FindLiveObjects: 0.638000 ms CreateObjectMapping: 0.366300 ms MarkObjects: 2.840900 ms  DeleteObjects: 0.171100 ms)

========================================================================
Received Import Request.
  Time since last request: 2212.569326 seconds.
  path: Assets/Script/MonoBehaviour.cs
  artifactKey: Guid(bfa855f988842a144b704c0f101b44aa) Importer(815301076,1909f56bfc062723c751e8b465ee728b)
Start importing Assets/Script/MonoBehaviour.cs using Guid(bfa855f988842a144b704c0f101b44aa) Importer(815301076,1909f56bfc062723c751e8b465ee728b)  -> (artifact id: 'bbaf0f060f62d3ae1860e33fbc1e4fa9') in 0.007305 seconds
  Import took 0.010628 seconds .

========================================================================
Received Prepare
Registering precompiled user dll's ...
Registered in 0.001280 seconds.
Begin MonoManager ReloadAssembly
Native extension for WindowsStandalone target not found
Native extension for WebGL target not found
Refreshing native plugins compatible for Editor in 0.64 ms, found 1 plugins.
Preloading 0 native plugins for Editor in 0.00 ms.
Invoked RoslynAnalysisRunner static constructor.
RoslynAnalysisRunner will not be running.
RoslynAnalysisRunner has terminated.
Mono: successfully reloaded assembly
- Completed reload, in  0.821 seconds
Platform modules already initialized, skipping
Refreshing native plugins compatible for Editor in 1.32 ms, found 1 plugins.
Preloading 0 native plugins for Editor in 0.00 ms.
Unloading 1805 Unused Serialized files (Serialized files now loaded: 0)
System memory in use before: 84.8 MB.
System memory in use after: 84.8 MB.

Unloading 13 unused Assets to reduce memory usage. Loaded Objects now: 2320.
Total: 3.611300 ms (FindLiveObjects: 0.342700 ms CreateObjectMapping: 0.204300 ms MarkObjects: 2.874200 ms  DeleteObjects: 0.188100 ms)

========================================================================
Received Prepare
Registering precompiled user dll's ...
Registered in 0.001305 seconds.
Begin MonoManager ReloadAssembly
Native extension for WindowsStandalone target not found
Native extension for WebGL target not found
Refreshing native plugins compatible for Editor in 0.41 ms, found 1 plugins.
Preloading 0 native plugins for Editor in 0.00 ms.
Invoked RoslynAnalysisRunner static constructor.
RoslynAnalysisRunner will not be running.
RoslynAnalysisRunner has terminated.
Mono: successfully reloaded assembly
- Completed reload, in  0.886 seconds
Platform modules already initialized, skipping
Refreshing native plugins compatible for Editor in 0.42 ms, found 1 plugins.
Preloading 0 native plugins for Editor in 0.00 ms.
Unloading 1805 Unused Serialized files (Serialized files now loaded: 0)
System memory in use before: 84.8 MB.
System memory in use after: 84.8 MB.

Unloading 12 unused Assets to reduce memory usage. Loaded Objects now: 2324.
Total: 4.429100 ms (FindLiveObjects: 0.526800 ms CreateObjectMapping: 0.156300 ms MarkObjects: 3.585200 ms  DeleteObjects: 0.157700 ms)

========================================================================
Received Prepare
Registering precompiled user dll's ...
Registered in 0.001626 seconds.
Begin MonoManager ReloadAssembly
Native extension for WindowsStandalone target not found
Native extension for WebGL target not found
Refreshing native plugins compatible for Editor in 0.56 ms, found 1 plugins.
Preloading 0 native plugins for Editor in 0.00 ms.
Invoked RoslynAnalysisRunner static constructor.
RoslynAnalysisRunner will not be running.
RoslynAnalysisRunner has terminated.
Mono: successfully reloaded assembly
- Completed reload, in  0.875 seconds
Platform modules already initialized, skipping
Refreshing native plugins compatible for Editor in 0.74 ms, found 1 plugins.
Preloading 0 native plugins for Editor in 0.00 ms.
Unloading 1805 Unused Serialized files (Serialized files now loaded: 0)
System memory in use before: 84.8 MB.
System memory in use after: 84.8 MB.

Unloading 12 unused Assets to reduce memory usage. Loaded Objects now: 2328.
Total: 3.461800 ms (FindLiveObjects: 0.511300 ms CreateObjectMapping: 0.209700 ms MarkObjects: 2.582800 ms  DeleteObjects: 0.156100 ms)

========================================================================
Received Import Request.
  Time since last request: 282.479679 seconds.
  path: Assets/Scenes/SampleScene.unity
  artifactKey: Guid(2cda990e2423bbf4892e6590ba056729) Importer(815301076,1909f56bfc062723c751e8b465ee728b)
Start importing Assets/Scenes/SampleScene.unity using Guid(2cda990e2423bbf4892e6590ba056729) Importer(815301076,1909f56bfc062723c751e8b465ee728b)  -> (artifact id: '515c08e5c1c4e7766c3a7d754a7920e2') in 0.031480 seconds
  Import took 0.058529 seconds .

========================================================================
Received Import Request.
  Time since last request: 18.294839 seconds.
  path: Assets/Scenes/level 1.unity
  artifactKey: Guid(2cda990e2423bbf4892e6590ba056729) Importer(815301076,1909f56bfc062723c751e8b465ee728b)
Start importing Assets/Scenes/level 1.unity using Guid(2cda990e2423bbf4892e6590ba056729) Importer(815301076,1909f56bfc062723c751e8b465ee728b)  -> (artifact id: '12565d9d7c4351de6f60b6bc8b09a82e') in 0.008669 seconds
  Import took 0.024113 seconds .

